#
# There is insufficient memory for the Java Runtime Environment to continue.
# Native memory allocation (malloc) failed to allocate 32744 bytes for Chunk::new
# Possible reasons:
#   The system is out of physical RAM or swap space
#   The process is running with CompressedOops enabled, and the Java Heap may be blocking the growth of the native heap
# Possible solutions:
#   Reduce memory load on the system
#   Increase physical memory or swap space
#   Check if swap backing store is full
#   Decrease Java heap size (-Xmx/-Xms)
#   Decrease number of Java threads
#   Decrease Java thread stack sizes (-Xss)
#   Set larger code cache with -XX:ReservedCodeCacheSize=
#   JVM is running with Unscaled Compressed Oops mode in which the Java heap is
#     placed in the first 4GB address space. The Java Heap base address is the
#     maximum limit for the native heap growth. Please use -XX:HeapBaseMinAddress
#     to set the Java Heap base and to place the Java Heap above 4GB virtual address.
# This output file may be truncated or incomplete.
#
#  Out of Memory Error (arena.cpp:184), pid=31688, tid=18764
#
# JRE version: Java(TM) SE Runtime Environment (18.0.2+9) (build 18.0.2+9-61)
# Java VM: Java HotSpot(TM) 64-Bit Server VM (18.0.2+9-61, mixed mode, sharing, tiered, compressed oops, compressed class ptrs, g1 gc, windows-amd64)
# No core dump will be written. Minidumps are not enabled by default on client versions of Windows
#

---------------  S U M M A R Y ------------

Command Line: -Xmx64m -Xms64m -Dorg.gradle.appname=gradlew org.gradle.wrapper.GradleWrapperMain app:installDebug -PreactNativeDevServerPort=8081

Host: AMD Ryzen 7 4800H with Radeon Graphics         , 16 cores, 15G,  Windows 11 , 64 bit Build 22000 (10.0.22000.1516)
Time: Wed Feb 22 14:16:56 2023 South Africa Standard Time elapsed time: 31.940589 seconds (0d 0h 0m 31s)

---------------  T H R E A D  ---------------

Current thread (0x000001e766393e50):  JavaThread "C2 CompilerThread1" daemon [_thread_in_native, id=18764, stack(0x00000069aff00000,0x00000069b0000000)]


Current CompileTask:
C2:  31940 1691       4       java.lang.String::<init> (14 bytes)

Stack: [0x00000069aff00000,0x00000069b0000000]
Native frames: (J=compiled Java code, j=interpreted, Vv=VM code, C=native code)
V  [jvm.dll+0x6993ca]
V  [jvm.dll+0x7f481d]
V  [jvm.dll+0x7f612e]
V  [jvm.dll+0x7f67e3]
V  [jvm.dll+0x25cdaf]
V  [jvm.dll+0xb8c2f]
V  [jvm.dll+0xb8fa5]
V  [jvm.dll+0xb8d4b]
V  [jvm.dll+0x677f1c]
V  [jvm.dll+0x62b567]
V  [jvm.dll+0x22fdc8]
V  [jvm.dll+0x22f321]
V  [jvm.dll+0x1ba01c]
V  [jvm.dll+0x23ec9a]
V  [jvm.dll+0x23cf85]
V  [jvm.dll+0x7a6e21]
V  [jvm.dll+0x7a125a]
V  [jvm.dll+0x698275]
C  [ucrtbase.dll+0x26c0c]
C  [KERNEL32.DLL+0x155a0]
C  [ntdll.dll+0x485b]


---------------  P R O C E S S  ---------------

Threads class SMR info:
_java_thread_list=0x000001e7663ddf80, length=17, elements={
0x000001e747362630, 0x000001e7474063b0, 0x000001e747406d50, 0x000001e761621b50,
0x000001e7616224f0, 0x000001e761622e90, 0x000001e761623e40, 0x000001e761625a30,
0x000001e761626730, 0x000001e761627d60, 0x000001e765865970, 0x000001e76586d0d0,
0x000001e76631a310, 0x000001e765bf8140, 0x000001e765a4da50, 0x000001e766393e50,
0x000001e766394350
}

Java Threads: ( => current thread )
  0x000001e747362630 JavaThread "main" [_thread_in_vm, id=24028, stack(0x00000069ae000000,0x00000069ae100000)]
  0x000001e7474063b0 JavaThread "Reference Handler" daemon [_thread_blocked, id=22456, stack(0x00000069ae700000,0x00000069ae800000)]
  0x000001e747406d50 JavaThread "Finalizer" daemon [_thread_blocked, id=22604, stack(0x00000069ae800000,0x00000069ae900000)]
  0x000001e761621b50 JavaThread "Signal Dispatcher" daemon [_thread_blocked, id=2976, stack(0x00000069ae900000,0x00000069aea00000)]
  0x000001e7616224f0 JavaThread "Attach Listener" daemon [_thread_blocked, id=8236, stack(0x00000069aea00000,0x00000069aeb00000)]
  0x000001e761622e90 JavaThread "Service Thread" daemon [_thread_blocked, id=26380, stack(0x00000069aeb00000,0x00000069aec00000)]
  0x000001e761623e40 JavaThread "Monitor Deflation Thread" daemon [_thread_blocked, id=31692, stack(0x00000069aec00000,0x00000069aed00000)]
  0x000001e761625a30 JavaThread "C2 CompilerThread0" daemon [_thread_in_native, id=32632, stack(0x00000069aed00000,0x00000069aee00000)]
  0x000001e761626730 JavaThread "C1 CompilerThread0" daemon [_thread_blocked, id=16216, stack(0x00000069aee00000,0x00000069aef00000)]
  0x000001e761627d60 JavaThread "Sweeper thread" daemon [_thread_blocked, id=32080, stack(0x00000069aef00000,0x00000069af000000)]
  0x000001e765865970 JavaThread "Notification Thread" daemon [_thread_blocked, id=24856, stack(0x00000069af100000,0x00000069af200000)]
  0x000001e76586d0d0 JavaThread "Common-Cleaner" daemon [_thread_blocked, id=29912, stack(0x00000069af300000,0x00000069af400000)]
  0x000001e76631a310 JavaThread "pool-1-thread-1" [_thread_blocked, id=14460, stack(0x00000069afc00000,0x00000069afd00000)]
  0x000001e765bf8140 JavaThread "DisconnectableInputStream source reader" daemon [_thread_in_native, id=30760, stack(0x00000069afd00000,0x00000069afe00000)]
  0x000001e765a4da50 JavaThread "C1 CompilerThread1" daemon [_thread_in_native, id=11740, stack(0x00000069af000000,0x00000069af100000)]
=>0x000001e766393e50 JavaThread "C2 CompilerThread1" daemon [_thread_in_native, id=18764, stack(0x00000069aff00000,0x00000069b0000000)]
  0x000001e766394350 JavaThread "C2 CompilerThread2" daemon [_thread_blocked, id=11548, stack(0x00000069b0000000,0x00000069b0100000)]

Other Threads:
  0x000001e747401f60 VMThread "VM Thread" [stack: 0x00000069ae600000,0x00000069ae700000] [id=23148]
  0x000001e76586ce60 WatcherThread "VM Periodic Task Thread" [stack: 0x00000069af200000,0x00000069af300000] [id=29972]
  0x000001e747387770 WorkerThread "GC Thread#0" [stack: 0x00000069ae100000,0x00000069ae200000] [id=30364]
  0x000001e766171440 WorkerThread "GC Thread#1" [stack: 0x00000069af700000,0x00000069af800000] [id=4932]
  0x000001e765c73520 WorkerThread "GC Thread#2" [stack: 0x00000069af800000,0x00000069af900000] [id=6752]
  0x000001e766314db0 WorkerThread "GC Thread#3" [stack: 0x00000069af900000,0x00000069afa00000] [id=25612]
  0x000001e766315460 WorkerThread "GC Thread#4" [stack: 0x00000069afa00000,0x00000069afb00000] [id=19712]
  0x000001e766316520 WorkerThread "GC Thread#5" [stack: 0x00000069afb00000,0x00000069afc00000] [id=5712]
  0x000001e747388ea0 ConcurrentGCThread "G1 Main Marker" [stack: 0x00000069ae200000,0x00000069ae300000] [id=29792]
  0x000001e7473899f0 WorkerThread "G1 Conc#0" [stack: 0x00000069ae300000,0x00000069ae400000] [id=24024]
  0x000001e7473d9500 ConcurrentGCThread "G1 Refine#0" [stack: 0x00000069ae400000,0x00000069ae500000] [id=32336]
  0x000001e7473dacc0 ConcurrentGCThread "G1 Service" [stack: 0x00000069ae500000,0x00000069ae600000] [id=29432]

Threads with active compile tasks:
C2 CompilerThread0    31958 1682 % !   4       java.io.BufferedReader::readLine @ 139 (327 bytes)
C1 CompilerThread1    31958 1722       3       java.lang.Class::descriptorString (170 bytes)
C2 CompilerThread1    31958 1691       4       java.lang.String::<init> (14 bytes)

VM state: not at safepoint (normal execution)

VM Mutex/Monitor currently owned by a thread:  ([mutex/lock_event])
[0x000001e747360e20] MethodCompileQueue_lock - owner thread: 0x000001e761625a30
[0x000001e74510a190] Compile_lock - owner thread: 0x000001e761625a30

Heap address: 0x00000000fc000000, size: 64 MB, Compressed Oops mode: 32-bit

CDS archive(s) mapped at: [0x0000000800000000-0x0000000800ba0000-0x0000000800ba0000), size 12189696, SharedBaseAddress: 0x0000000800000000, ArchiveRelocationMode: 0.
Compressed class space mapped at: 0x0000000800c00000-0x0000000840c00000, reserved size: 1073741824
Narrow klass base: 0x0000000800000000, Narrow klass shift: 0, Narrow klass range: 0x100000000

GC Precious Log:
 CardTable entry size: 512
 Card Set container configuration: InlinePtr #cards 5 size 8 Array Of Cards #cards 12 size 40 Howl #buckets 4 coarsen threshold 1843 Howl Bitmap #cards 512 size 80 coarsen threshold 460 Card regions per heap region 1 cards per card region 2048
 CPUs: 16 total, 16 available
 Memory: 15792M
 Large Page Support: Disabled
 NUMA Support: Disabled
 Compressed Oops: Enabled (32-bit)
 Heap Region Size: 1M
 Heap Min Capacity: 64M
 Heap Initial Capacity: 64M
 Heap Max Capacity: 64M
 Pre-touch: Disabled
 Parallel Workers: 13
 Concurrent Workers: 3
 Concurrent Refinement Workers: 13
 Periodic GC: Disabled

Heap:
 garbage-first heap   total 65536K, used 25860K [0x00000000fc000000, 0x0000000100000000)
  region size 1024K, 20 young (20480K), 3 survivors (3072K)
 Metaspace       used 8522K, committed 8832K, reserved 1114112K
  class space    used 1119K, committed 1280K, reserved 1048576K

Heap Regions: E=young(eden), S=young(survivor), O=old, HS=humongous(starts), HC=humongous(continues), CS=collection set, F=free, OA=open archive, CA=closed archive, TAMS=top-at-mark-start (previous, next)
|   0|0x00000000fc000000, 0x00000000fc000000, 0x00000000fc100000|  0%| F|  |TAMS 0x00000000fc000000, 0x00000000fc000000| Untracked 
|   1|0x00000000fc100000, 0x00000000fc100000, 0x00000000fc200000|  0%| F|  |TAMS 0x00000000fc100000, 0x00000000fc100000| Untracked 
|   2|0x00000000fc200000, 0x00000000fc200000, 0x00000000fc300000|  0%| F|  |TAMS 0x00000000fc200000, 0x00000000fc200000| Untracked 
|   3|0x00000000fc300000, 0x00000000fc400000, 0x00000000fc400000|100%|HS|  |TAMS 0x00000000fc300000, 0x00000000fc300000| Complete 
|   4|0x00000000fc400000, 0x00000000fc500000, 0x00000000fc500000|100%|HC|  |TAMS 0x00000000fc400000, 0x00000000fc400000| Complete 
|   5|0x00000000fc500000, 0x00000000fc600000, 0x00000000fc600000|100%|HC|  |TAMS 0x00000000fc500000, 0x00000000fc500000| Complete 
|   6|0x00000000fc600000, 0x00000000fc700000, 0x00000000fc700000|100%| O|  |TAMS 0x00000000fc600000, 0x00000000fc600000| Untracked 
|   7|0x00000000fc700000, 0x00000000fc800000, 0x00000000fc800000|100%| O|  |TAMS 0x00000000fc700000, 0x00000000fc700000| Untracked 
|   8|0x00000000fc800000, 0x00000000fc900000, 0x00000000fc900000|100%| O|  |TAMS 0x00000000fc800000, 0x00000000fc800000| Untracked 
|   9|0x00000000fc900000, 0x00000000fc941000, 0x00000000fca00000| 25%| O|  |TAMS 0x00000000fc900000, 0x00000000fc900000| Untracked 
|  10|0x00000000fca00000, 0x00000000fca00000, 0x00000000fcb00000|  0%| F|  |TAMS 0x00000000fca00000, 0x00000000fca00000| Untracked 
|  11|0x00000000fcb00000, 0x00000000fcb00000, 0x00000000fcc00000|  0%| F|  |TAMS 0x00000000fcb00000, 0x00000000fcb00000| Untracked 
|  12|0x00000000fcc00000, 0x00000000fcc00000, 0x00000000fcd00000|  0%| F|  |TAMS 0x00000000fcc00000, 0x00000000fcc00000| Untracked 
|  13|0x00000000fcd00000, 0x00000000fcd00000, 0x00000000fce00000|  0%| F|  |TAMS 0x00000000fcd00000, 0x00000000fcd00000| Untracked 
|  14|0x00000000fce00000, 0x00000000fce00000, 0x00000000fcf00000|  0%| F|  |TAMS 0x00000000fce00000, 0x00000000fce00000| Untracked 
|  15|0x00000000fcf00000, 0x00000000fcf00000, 0x00000000fd000000|  0%| F|  |TAMS 0x00000000fcf00000, 0x00000000fcf00000| Untracked 
|  16|0x00000000fd000000, 0x00000000fd000000, 0x00000000fd100000|  0%| F|  |TAMS 0x00000000fd000000, 0x00000000fd000000| Untracked 
|  17|0x00000000fd100000, 0x00000000fd100000, 0x00000000fd200000|  0%| F|  |TAMS 0x00000000fd100000, 0x00000000fd100000| Untracked 
|  18|0x00000000fd200000, 0x00000000fd200000, 0x00000000fd300000|  0%| F|  |TAMS 0x00000000fd200000, 0x00000000fd200000| Untracked 
|  19|0x00000000fd300000, 0x00000000fd300000, 0x00000000fd400000|  0%| F|  |TAMS 0x00000000fd300000, 0x00000000fd300000| Untracked 
|  20|0x00000000fd400000, 0x00000000fd400000, 0x00000000fd500000|  0%| F|  |TAMS 0x00000000fd400000, 0x00000000fd400000| Untracked 
|  21|0x00000000fd500000, 0x00000000fd500000, 0x00000000fd600000|  0%| F|  |TAMS 0x00000000fd500000, 0x00000000fd500000| Untracked 
|  22|0x00000000fd600000, 0x00000000fd600000, 0x00000000fd700000|  0%| F|  |TAMS 0x00000000fd600000, 0x00000000fd600000| Untracked 
|  23|0x00000000fd700000, 0x00000000fd700000, 0x00000000fd800000|  0%| F|  |TAMS 0x00000000fd700000, 0x00000000fd700000| Untracked 
|  24|0x00000000fd800000, 0x00000000fd800000, 0x00000000fd900000|  0%| F|  |TAMS 0x00000000fd800000, 0x00000000fd800000| Untracked 
|  25|0x00000000fd900000, 0x00000000fd900000, 0x00000000fda00000|  0%| F|  |TAMS 0x00000000fd900000, 0x00000000fd900000| Untracked 
|  26|0x00000000fda00000, 0x00000000fda00000, 0x00000000fdb00000|  0%| F|  |TAMS 0x00000000fda00000, 0x00000000fda00000| Untracked 
|  27|0x00000000fdb00000, 0x00000000fdb00000, 0x00000000fdc00000|  0%| F|  |TAMS 0x00000000fdb00000, 0x00000000fdb00000| Untracked 
|  28|0x00000000fdc00000, 0x00000000fdc00000, 0x00000000fdd00000|  0%| F|  |TAMS 0x00000000fdc00000, 0x00000000fdc00000| Untracked 
|  29|0x00000000fdd00000, 0x00000000fdd00000, 0x00000000fde00000|  0%| F|  |TAMS 0x00000000fdd00000, 0x00000000fdd00000| Untracked 
|  30|0x00000000fde00000, 0x00000000fde00000, 0x00000000fdf00000|  0%| F|  |TAMS 0x00000000fde00000, 0x00000000fde00000| Untracked 
|  31|0x00000000fdf00000, 0x00000000fdf00000, 0x00000000fe000000|  0%| F|  |TAMS 0x00000000fdf00000, 0x00000000fdf00000| Untracked 
|  32|0x00000000fe000000, 0x00000000fe000000, 0x00000000fe100000|  0%| F|  |TAMS 0x00000000fe000000, 0x00000000fe000000| Untracked 
|  33|0x00000000fe100000, 0x00000000fe100000, 0x00000000fe200000|  0%| F|  |TAMS 0x00000000fe100000, 0x00000000fe100000| Untracked 
|  34|0x00000000fe200000, 0x00000000fe200000, 0x00000000fe300000|  0%| F|  |TAMS 0x00000000fe200000, 0x00000000fe200000| Untracked 
|  35|0x00000000fe300000, 0x00000000fe300000, 0x00000000fe400000|  0%| F|  |TAMS 0x00000000fe300000, 0x00000000fe300000| Untracked 
|  36|0x00000000fe400000, 0x00000000fe400000, 0x00000000fe500000|  0%| F|  |TAMS 0x00000000fe400000, 0x00000000fe400000| Untracked 
|  37|0x00000000fe500000, 0x00000000fe500000, 0x00000000fe600000|  0%| F|  |TAMS 0x00000000fe500000, 0x00000000fe500000| Untracked 
|  38|0x00000000fe600000, 0x00000000fe700000, 0x00000000fe700000|100%| S|CS|TAMS 0x00000000fe600000, 0x00000000fe600000| Complete 
|  39|0x00000000fe700000, 0x00000000fe800000, 0x00000000fe800000|100%| S|CS|TAMS 0x00000000fe700000, 0x00000000fe700000| Complete 
|  40|0x00000000fe800000, 0x00000000fe900000, 0x00000000fe900000|100%| S|CS|TAMS 0x00000000fe800000, 0x00000000fe800000| Complete 
|  41|0x00000000fe900000, 0x00000000fe900000, 0x00000000fea00000|  0%| F|  |TAMS 0x00000000fe900000, 0x00000000fe900000| Untracked 
|  42|0x00000000fea00000, 0x00000000fea00000, 0x00000000feb00000|  0%| F|  |TAMS 0x00000000fea00000, 0x00000000fea00000| Untracked 
|  43|0x00000000feb00000, 0x00000000feb00000, 0x00000000fec00000|  0%| F|  |TAMS 0x00000000feb00000, 0x00000000feb00000| Untracked 
|  44|0x00000000fec00000, 0x00000000fec00000, 0x00000000fed00000|  0%| F|  |TAMS 0x00000000fec00000, 0x00000000fec00000| Untracked 
|  45|0x00000000fed00000, 0x00000000fed00000, 0x00000000fee00000|  0%| F|  |TAMS 0x00000000fed00000, 0x00000000fed00000| Untracked 
|  46|0x00000000fee00000, 0x00000000fee00000, 0x00000000fef00000|  0%| F|  |TAMS 0x00000000fee00000, 0x00000000fee00000| Untracked 
|  47|0x00000000fef00000, 0x00000000fefcd630, 0x00000000ff000000| 80%| E|  |TAMS 0x00000000fef00000, 0x00000000fef00000| Complete 
|  48|0x00000000ff000000, 0x00000000ff100000, 0x00000000ff100000|100%| E|CS|TAMS 0x00000000ff000000, 0x00000000ff000000| Complete 
|  49|0x00000000ff100000, 0x00000000ff200000, 0x00000000ff200000|100%| E|CS|TAMS 0x00000000ff100000, 0x00000000ff100000| Complete 
|  50|0x00000000ff200000, 0x00000000ff300000, 0x00000000ff300000|100%| E|CS|TAMS 0x00000000ff200000, 0x00000000ff200000| Complete 
|  51|0x00000000ff300000, 0x00000000ff400000, 0x00000000ff400000|100%| E|CS|TAMS 0x00000000ff300000, 0x00000000ff300000| Complete 
|  52|0x00000000ff400000, 0x00000000ff500000, 0x00000000ff500000|100%| E|CS|TAMS 0x00000000ff400000, 0x00000000ff400000| Complete 
|  53|0x00000000ff500000, 0x00000000ff600000, 0x00000000ff600000|100%| E|CS|TAMS 0x00000000ff500000, 0x00000000ff500000| Complete 
|  54|0x00000000ff600000, 0x00000000ff700000, 0x00000000ff700000|100%| E|CS|TAMS 0x00000000ff600000, 0x00000000ff600000| Complete 
|  55|0x00000000ff700000, 0x00000000ff800000, 0x00000000ff800000|100%| E|CS|TAMS 0x00000000ff700000, 0x00000000ff700000| Complete 
|  56|0x00000000ff800000, 0x00000000ff900000, 0x00000000ff900000|100%| E|CS|TAMS 0x00000000ff800000, 0x00000000ff800000| Complete 
|  57|0x00000000ff900000, 0x00000000ffa00000, 0x00000000ffa00000|100%| E|CS|TAMS 0x00000000ff900000, 0x00000000ff900000| Complete 
|  58|0x00000000ffa00000, 0x00000000ffb00000, 0x00000000ffb00000|100%| E|CS|TAMS 0x00000000ffa00000, 0x00000000ffa00000| Complete 
|  59|0x00000000ffb00000, 0x00000000ffc00000, 0x00000000ffc00000|100%| E|CS|TAMS 0x00000000ffb00000, 0x00000000ffb00000| Complete 
|  60|0x00000000ffc00000, 0x00000000ffd00000, 0x00000000ffd00000|100%| E|CS|TAMS 0x00000000ffc00000, 0x00000000ffc00000| Complete 
|  61|0x00000000ffd00000, 0x00000000ffe00000, 0x00000000ffe00000|100%| E|CS|TAMS 0x00000000ffd00000, 0x00000000ffd00000| Complete 
|  62|0x00000000ffe00000, 0x00000000fff00000, 0x00000000fff00000|100%| E|CS|TAMS 0x00000000ffe00000, 0x00000000ffe00000| Complete 
|  63|0x00000000fff00000, 0x0000000100000000, 0x0000000100000000|100%| E|CS|TAMS 0x00000000fff00000, 0x00000000fff00000| Complete 

Card table byte_map: [0x000001e747270000,0x000001e747290000] _byte_map_base: 0x000001e746a90000

Marking Bits (Prev, Next): (CMBitMap*) 0x000001e747387d70, (CMBitMap*) 0x000001e747387db0
 Prev Bits: [0x000001e75e520000, 0x000001e75e620000)
 Next Bits: [0x000001e75e620000, 0x000001e75e720000)

Polling page: 0x000001e745340000

Metaspace:

Usage:
  Non-class:      7.24 MB used.
      Class:      1.09 MB used.
       Both:      8.33 MB used.

Virtual space:
  Non-class space:       64.00 MB reserved,       7.38 MB ( 12%) committed,  1 nodes.
      Class space:        1.00 GB reserved,       1.25 MB ( <1%) committed,  1 nodes.
             Both:        1.06 GB reserved,       8.62 MB ( <1%) committed. 

Chunk freelists:
   Non-Class:  48.00 KB
       Class:  2.66 MB
        Both:  2.71 MB

MaxMetaspaceSize: unlimited
CompressedClassSpaceSize: 1.00 GB
Initial GC threshold: 21.00 MB
Current GC threshold: 21.00 MB
CDS: on
MetaspaceReclaimPolicy: balanced
 - commit_granule_bytes: 65536.
 - commit_granule_words: 8192.
 - virtual_space_node_default_size: 8388608.
 - enlarge_chunks_in_place: 1.
 - new_chunks_are_fully_committed: 0.
 - uncommit_free_chunks: 1.
 - use_allocation_guard: 0.


Internal statistics:

num_allocs_failed_limit: 0.
num_arena_births: 208.
num_arena_deaths: 0.
num_vsnodes_births: 2.
num_vsnodes_deaths: 0.
num_space_committed: 139.
num_space_uncommitted: 0.
num_chunks_returned_to_freelist: 0.
num_chunks_taken_from_freelist: 461.
num_chunk_merges: 0.
num_chunk_splits: 295.
num_chunks_enlarged: 214.
num_inconsistent_stats: 0.

CodeHeap 'non-profiled nmethods': size=119168Kb used=510Kb max_used=510Kb free=118657Kb
 bounds [0x000001e756830000, 0x000001e756aa0000, 0x000001e75dc90000]
CodeHeap 'profiled nmethods': size=119104Kb used=3305Kb max_used=3305Kb free=115798Kb
 bounds [0x000001e74f3e0000, 0x000001e74f720000, 0x000001e756830000]
CodeHeap 'non-nmethods': size=7488Kb used=1740Kb max_used=2876Kb free=5747Kb
 bounds [0x000001e74ec90000, 0x000001e74ef70000, 0x000001e74f3e0000]
 total_blobs=2188 nmethods=1725 adapters=375
 compilation: enabled
              stopped_count=0, restarted_count=0
 full_count=0

Compilation events (20 events):
Event: 31.936 Thread 0x000001e761626730 1704       3       java.nio.HeapByteBuffer::ix (7 bytes)
Event: 31.936 Thread 0x000001e761626730 nmethod 1704 0x000001e74f70b590 code [0x000001e74f70b720, 0x000001e74f70b838]
Event: 31.936 Thread 0x000001e761626730 1700       3       java.nio.HeapCharBuffer::<init> (23 bytes)
Event: 31.936 Thread 0x000001e765a4da50 1701       3       java.nio.CharBuffer::<init> (24 bytes)
Event: 31.936 Thread 0x000001e766393e50 1691       4       java.lang.String::<init> (14 bytes)
Event: 31.936 Thread 0x000001e761626730 nmethod 1700 0x000001e74f70b910 code [0x000001e74f70bac0, 0x000001e74f70bc48]
Event: 31.936 Thread 0x000001e766394350 1693       4       java.util.LinkedList::node (65 bytes)
Event: 31.936 Thread 0x000001e765a4da50 nmethod 1701 0x000001e74f70bd10 code [0x000001e74f70bec0, 0x000001e74f70c068]
Event: 31.936 Thread 0x000001e761626730 1702       3       java.nio.CharBuffer::limit (6 bytes)
Event: 31.936 Thread 0x000001e765a4da50 1703       3       java.nio.CharBuffer::limit (8 bytes)
Event: 31.936 Thread 0x000001e761626730 nmethod 1702 0x000001e74f70c110 code [0x000001e74f70c2c0, 0x000001e74f70c468]
Event: 31.936 Thread 0x000001e761626730 1705   !   3       java.nio.charset.CharsetDecoder::decode (275 bytes)
Event: 31.936 Thread 0x000001e765a4da50 nmethod 1703 0x000001e74f70c510 code [0x000001e74f70c6a0, 0x000001e74f70c7e8]
Event: 31.936 Thread 0x000001e765a4da50 1706       3       sun.nio.cs.UTF_8$Decoder::decodeLoop (28 bytes)
Event: 31.937 Thread 0x000001e765a4da50 nmethod 1706 0x000001e74f70c890 code [0x000001e74f70ca60, 0x000001e74f70ce78]
Event: 31.937 Thread 0x000001e765a4da50 1707       3       java.lang.AbstractStringBuilder::append (37 bytes)
Event: 31.937 Thread 0x000001e766394350 nmethod 1693 0x000001e7568aac90 code [0x000001e7568aae00, 0x000001e7568aaeb8]
Event: 31.937 Thread 0x000001e766394350 1694       4       java.io.BufferedReader::readLine (7 bytes)
Event: 31.937 Thread 0x000001e765a4da50 nmethod 1707 0x000001e74f70d010 code [0x000001e74f70d1e0, 0x000001e74f70d4e8]
Event: 31.937 Thread 0x000001e766394350 nmethod 1694 0x000001e7568aaf90 code [0x000001e7568ab120, 0x000001e7568ab1c8]

GC Heap History (2 events):
Event: 0.637 GC heap before
{Heap before GC invocations=0 (full 0):
 garbage-first heap   total 65536K, used 28672K [0x00000000fc000000, 0x0000000100000000)
  region size 1024K, 23 young (23552K), 0 survivors (0K)
 Metaspace       used 4044K, committed 4224K, reserved 1114112K
  class space    used 507K, committed 576K, reserved 1048576K
}
Event: 0.643 GC heap after
{Heap after GC invocations=1 (full 0):
 garbage-first heap   total 65536K, used 9476K [0x00000000fc000000, 0x0000000100000000)
  region size 1024K, 3 young (3072K), 3 survivors (3072K)
 Metaspace       used 4044K, committed 4224K, reserved 1114112K
  class space    used 507K, committed 576K, reserved 1048576K
}

Deoptimization events (20 events):
Event: 0.780 Thread 0x000001e747362630 Uncommon trap: trap_request=0xffffffc6 fr.pc=0x000001e75688340c relative=0x00000000000002cc
Event: 0.780 Thread 0x000001e747362630 Uncommon trap: reason=bimorphic_or_optimized_type_check action=maybe_recompile pc=0x000001e75688340c method=java.util.concurrent.ConcurrentHashMap.get(Ljava/lang/Object;)Ljava/lang/Object; @ 149 c2
Event: 0.780 Thread 0x000001e747362630 DEOPT PACKING pc=0x000001e75688340c sp=0x00000069ae0fca80
Event: 0.780 Thread 0x000001e747362630 DEOPT UNPACKING pc=0x000001e74ece23a3 sp=0x00000069ae0fc9f0 mode 2
Event: 0.780 Thread 0x000001e747362630 Uncommon trap: trap_request=0xffffffc6 fr.pc=0x000001e75688340c relative=0x00000000000002cc
Event: 0.780 Thread 0x000001e747362630 Uncommon trap: reason=bimorphic_or_optimized_type_check action=maybe_recompile pc=0x000001e75688340c method=java.util.concurrent.ConcurrentHashMap.get(Ljava/lang/Object;)Ljava/lang/Object; @ 149 c2
Event: 0.780 Thread 0x000001e747362630 DEOPT PACKING pc=0x000001e75688340c sp=0x00000069ae0fca80
Event: 0.780 Thread 0x000001e747362630 DEOPT UNPACKING pc=0x000001e74ece23a3 sp=0x00000069ae0fc9f0 mode 2
Event: 0.948 Thread 0x000001e747362630 Uncommon trap: trap_request=0xffffff45 fr.pc=0x000001e7568687e0 relative=0x0000000000000540
Event: 0.948 Thread 0x000001e747362630 Uncommon trap: reason=unstable_if action=reinterpret pc=0x000001e7568687e0 method=java.lang.AbstractStringBuilder.append(Ljava/lang/String;)Ljava/lang/AbstractStringBuilder; @ 1 c2
Event: 0.948 Thread 0x000001e747362630 DEOPT PACKING pc=0x000001e7568687e0 sp=0x00000069ae0fd940
Event: 0.948 Thread 0x000001e747362630 DEOPT UNPACKING pc=0x000001e74ece23a3 sp=0x00000069ae0fd8c0 mode 2
Event: 0.948 Thread 0x000001e747362630 Uncommon trap: trap_request=0xffffff45 fr.pc=0x000001e75686bf54 relative=0x0000000000000534
Event: 0.948 Thread 0x000001e747362630 Uncommon trap: reason=unstable_if action=reinterpret pc=0x000001e75686bf54 method=java.lang.AbstractStringBuilder.append(Ljava/lang/String;)Ljava/lang/AbstractStringBuilder; @ 1 c2
Event: 0.948 Thread 0x000001e747362630 DEOPT PACKING pc=0x000001e75686bf54 sp=0x00000069ae0fd8d0
Event: 0.948 Thread 0x000001e747362630 DEOPT UNPACKING pc=0x000001e74ece23a3 sp=0x00000069ae0fd8b8 mode 2
Event: 31.920 Thread 0x000001e747362630 Uncommon trap: trap_request=0xffffff45 fr.pc=0x000001e7568a8ad4 relative=0x00000000000001b4
Event: 31.920 Thread 0x000001e747362630 Uncommon trap: reason=unstable_if action=reinterpret pc=0x000001e7568a8ad4 method=com.esotericsoftware.kryo.io.Input.require(I)I @ 180 c2
Event: 31.920 Thread 0x000001e747362630 DEOPT PACKING pc=0x000001e7568a8ad4 sp=0x00000069ae0fd950
Event: 31.920 Thread 0x000001e747362630 DEOPT UNPACKING pc=0x000001e74ece23a3 sp=0x00000069ae0fd8f8 mode 2

Classes loaded (20 events):
Event: 0.967 Loading class java/nio/channels/spi/AbstractSelector$1
Event: 0.967 Loading class java/nio/channels/spi/AbstractSelector$1 done
Event: 0.977 Loading class java/nio/charset/CharacterCodingException
Event: 0.977 Loading class java/nio/charset/CharacterCodingException done
Event: 0.978 Loading class java/nio/channels/AsynchronousCloseException
Event: 0.978 Loading class java/nio/channels/ClosedChannelException
Event: 0.978 Loading class java/nio/channels/ClosedChannelException done
Event: 0.978 Loading class java/nio/channels/AsynchronousCloseException done
Event: 1.069 Loading class java/util/AbstractList$ListItr
Event: 1.069 Loading class java/util/AbstractList$ListItr done
Event: 5.996 Loading class java/lang/invoke/MethodHandle$1
Event: 5.996 Loading class java/lang/invoke/MethodHandle$1 done
Event: 31.919 Loading class sun/net/ConnectionResetException
Event: 31.920 Loading class sun/net/ConnectionResetException done
Event: 31.922 Loading class sun/nio/cs/StreamDecoder
Event: 31.922 Loading class sun/nio/cs/StreamDecoder done
Event: 31.922 Loading class sun/nio/cs/UTF_8$Decoder
Event: 31.923 Loading class sun/nio/cs/UTF_8$Decoder done
Event: 31.923 Loading class java/io/BufferedReader
Event: 31.923 Loading class java/io/BufferedReader done

Classes unloaded (0 events):
No events

Classes redefined (0 events):
No events

Internal exceptions (20 events):
Event: 0.589 Thread 0x000001e747362630 Exception <a 'java/lang/NoClassDefFoundError'{0x00000000febde328}: org/slf4j/impl/StaticMarkerBinder> (0x00000000febde328) 
thrown [s\open\src\hotspot\share\classfile\systemDictionary.cpp, line 244]
Event: 0.599 Thread 0x000001e747362630 Exception <a 'java/lang/NoSuchMethodError'{0x00000000fea6d128}: 'java.lang.Object java.lang.invoke.DirectMethodHandle$Holder.invokeVirtual(java.lang.Object, java.lang.Object, java.lang.Object, java.lang.Object, java.lang.Object, java.lang.Object, java.lang.Object)'> (0x00000000fea6d128) 
thrown [s\open\src\hotspot\share\interpreter\linkResolver.cpp, line 759]
Event: 0.602 Thread 0x000001e747362630 Exception <a 'java/lang/NoSuchMethodError'{0x00000000fea81748}: 'java.lang.Object java.lang.invoke.DirectMethodHandle$Holder.invokeStatic(java.lang.Object, java.lang.Object, int)'> (0x00000000fea81748) 
thrown [s\open\src\hotspot\share\interpreter\linkResolver.cpp, line 759]
Event: 0.603 Thread 0x000001e747362630 Exception <a 'java/lang/NoSuchMethodError'{0x00000000fea8d460}: 'void java.lang.invoke.DelegatingMethodHandle$Holder.delegate(java.lang.Object, java.lang.Object, int, java.lang.Object)'> (0x00000000fea8d460) 
thrown [s\open\src\hotspot\share\interpreter\linkResolver.cpp, line 759]
Event: 0.604 Thread 0x000001e747362630 Exception <a 'java/lang/NoSuchMethodError'{0x00000000fea915b0}: 'int java.lang.invoke.DirectMethodHandle$Holder.invokeSpecial(java.lang.Object, java.lang.Object, java.lang.Object)'> (0x00000000fea915b0) 
thrown [s\open\src\hotspot\share\interpreter\linkResolver.cpp, line 759]
Event: 0.618 Thread 0x000001e747362630 Exception <a 'java/lang/NoSuchMethodError'{0x00000000fe930b88}: 'java.lang.Object java.lang.invoke.DirectMethodHandle$Holder.invokeVirtual(java.lang.Object, java.lang.Object, java.lang.Object)'> (0x00000000fe930b88) 
thrown [s\open\src\hotspot\share\interpreter\linkResolver.cpp, line 759]
Event: 0.680 Thread 0x000001e747362630 Exception <a 'java/lang/NoSuchMethodError'{0x00000000ffd597c8}: 'java.lang.Object java.lang.invoke.DirectMethodHandle$Holder.invokeVirtual(java.lang.Object, java.lang.Object, java.lang.Object, java.lang.Object)'> (0x00000000ffd597c8) 
thrown [s\open\src\hotspot\share\interpreter\linkResolver.cpp, line 759]
Event: 0.693 Thread 0x000001e747362630 Exception <a 'java/lang/NoSuchMethodError'{0x00000000ffc24590}: 'java.lang.Object java.lang.invoke.DirectMethodHandle$Holder.invokeVirtual(java.lang.Object, java.lang.Object, java.lang.Object, java.lang.Object, java.lang.Object, java.lang.Object)'> (0x00000000ffc24590) 
thrown [s\open\src\hotspot\share\interpreter\linkResolver.cpp, line 759]
Event: 0.704 Thread 0x000001e747362630 Exception <a 'java/lang/NoSuchMethodError'{0x00000000ffcc4ef0}: 'java.lang.Object java.lang.invoke.DirectMethodHandle$Holder.invokeInterface(java.lang.Object, java.lang.Object, java.lang.Object)'> (0x00000000ffcc4ef0) 
thrown [s\open\src\hotspot\share\interpreter\linkResolver.cpp, line 759]
Event: 0.733 Thread 0x000001e747362630 Exception <a 'java/lang/NoSuchMethodError'{0x00000000ffa53278}: 'java.lang.Object java.lang.invoke.DirectMethodHandle$Holder.invokeStaticInit(java.lang.Object)'> (0x00000000ffa53278) 
thrown [s\open\src\hotspot\share\interpreter\linkResolver.cpp, line 759]
Event: 0.760 Thread 0x000001e747362630 Exception <a 'java/lang/NoSuchMethodError'{0x00000000ff9a06b8}: 'java.lang.Object java.lang.invoke.DirectMethodHandle$Holder.invokeVirtual(java.lang.Object, java.lang.Object, java.lang.Object, java.lang.Object, java.lang.Object)'> (0x00000000ff9a06b8) 
thrown [s\open\src\hotspot\share\interpreter\linkResolver.cpp, line 759]
Event: 0.762 Thread 0x000001e747362630 Exception <a 'java/lang/NoSuchMethodError'{0x00000000ff9b4c28}: 'java.lang.Object java.lang.invoke.Invokers$Holder.invokeExact_MT(java.lang.Object, java.lang.Object, java.lang.Object, java.lang.Object, java.lang.Object, java.lang.Object)'> (0x00000000ff9b4c28) 
thrown [s\open\src\hotspot\share\interpreter\linkResolver.cpp, line 759]
Event: 0.794 Thread 0x000001e747362630 Exception <a 'java/lang/NoSuchMethodError'{0x00000000ff7bdaf0}: 'java.lang.Object java.lang.invoke.DirectMethodHandle$Holder.invokeVirtual(java.lang.Object, java.lang.Object, java.lang.Object, java.lang.Object, java.lang.Object, java.lang.Object, java.lang.Object, java.lang.Object)'> (0x00000000ff7bdaf0) 
thrown [s\open\src\hotspot\share\interpreter\linkResolver.cpp, line 759]
Event: 0.794 Thread 0x000001e747362630 Exception <a 'java/lang/NoSuchMethodError'{0x00000000ff7c2fe0}: 'java.lang.Object java.lang.invoke.DirectMethodHandle$Holder.invokeSpecial(java.lang.Object, java.lang.Object, java.lang.Object, java.lang.Object, java.lang.Object, java.lang.Object, java.lang.Object, java.lang.Object, java.lang.Object)'> (0x00000000ff7c2fe0) 
thrown [s\open\src\hotspot\share\interpreter\linkResolver.cpp, line 759]
Event: 0.816 Thread 0x000001e747362630 Exception <a 'java/lang/NoSuchMethodError'{0x00000000ff6f3a60}: 'java.lang.Object java.lang.invoke.DirectMethodHandle$Holder.invokeStaticInit(java.lang.Object, int, int, int, int)'> (0x00000000ff6f3a60) 
thrown [s\open\src\hotspot\share\interpreter\linkResolver.cpp, line 759]
Event: 0.848 Thread 0x000001e747362630 Exception <a 'java/lang/NoSuchMethodError'{0x00000000ff52db00}: 'java.lang.Object java.lang.invoke.DirectMethodHandle$Holder.invokeStaticInit(java.lang.Object, java.lang.Object, int, int, int, int)'> (0x00000000ff52db00) 
thrown [s\open\src\hotspot\share\interpreter\linkResolver.cpp, line 759]
Event: 0.948 Thread 0x000001e747362630 Implicit null exception at 0x000001e7568682d2 to 0x000001e7568687c8
Event: 0.948 Thread 0x000001e747362630 Implicit null exception at 0x000001e75686ba52 to 0x000001e75686bf3c
Event: 0.950 Thread 0x000001e747362630 Exception <a 'java/lang/NoSuchMethodError'{0x00000000ff5fe150}: 'void java.lang.invoke.DirectMethodHandle$Holder.invokeInterface(java.lang.Object, java.lang.Object, java.lang.Object)'> (0x00000000ff5fe150) 
thrown [s\open\src\hotspot\share\interpreter\linkResolver.cpp, line 759]
Event: 31.920 Thread 0x000001e747362630 Exception <a 'sun/net/ConnectionResetException'{0x00000000ff392458}: Connection reset> (0x00000000ff392458) 
thrown [s\open\src\hotspot\share\prims\jni.cpp, line 535]

VM Operations (20 events):
Event: 21.251 Executing VM operation: Cleanup
Event: 21.251 Executing VM operation: Cleanup done
Event: 22.265 Executing VM operation: Cleanup
Event: 22.265 Executing VM operation: Cleanup done
Event: 23.273 Executing VM operation: Cleanup
Event: 23.273 Executing VM operation: Cleanup done
Event: 24.286 Executing VM operation: Cleanup
Event: 24.286 Executing VM operation: Cleanup done
Event: 25.299 Executing VM operation: Cleanup
Event: 25.299 Executing VM operation: Cleanup done
Event: 26.311 Executing VM operation: Cleanup
Event: 26.311 Executing VM operation: Cleanup done
Event: 27.326 Executing VM operation: Cleanup
Event: 27.326 Executing VM operation: Cleanup done
Event: 29.338 Executing VM operation: Cleanup
Event: 29.338 Executing VM operation: Cleanup done
Event: 30.347 Executing VM operation: Cleanup
Event: 30.347 Executing VM operation: Cleanup done
Event: 31.358 Executing VM operation: Cleanup
Event: 31.359 Executing VM operation: Cleanup done

Events (20 events):
Event: 0.613 Loaded shared library C:\Users\keket\.gradle\native\e1d6ef7f7dcc3fd88c89a11ec53ec762bb8ba0a96d01ffa2cd45eb1d1d8dd5c5\windows-amd64\native-platform.dll
Event: 0.633 Loaded shared library C:\Users\keket\.gradle\native\jansi\1.18\windows64\jansi.dll
Event: 0.651 Thread 0x000001e76631a310 Thread added: 0x000001e76631a310
Event: 0.735 Loaded shared library C:\Program Files\Java\jdk-18.0.2\bin\management.dll
Event: 0.737 Loaded shared library C:\Program Files\Java\jdk-18.0.2\bin\management_ext.dll
Event: 0.949 Thread 0x000001e765bf8140 Thread exited: 0x000001e765bf8140
Event: 0.976 Thread 0x000001e765bf8140 Thread added: 0x000001e765bf8140
Event: 0.978 Thread 0x000001e7663b3240 Thread added: 0x000001e7663b3240
Event: 2.661 Thread 0x000001e76617cb60 Thread exited: 0x000001e76617cb60
Event: 2.864 Thread 0x000001e765972e10 Thread exited: 0x000001e765972e10
Event: 3.055 Thread 0x000001e7658557f0 Thread exited: 0x000001e7658557f0
Event: 10.657 Thread 0x000001e7663afa40 Thread added: 0x000001e7663afa40
Event: 10.658 Thread 0x000001e76638aaf0 Thread added: 0x000001e76638aaf0
Event: 13.156 Thread 0x000001e76638aaf0 Thread exited: 0x000001e76638aaf0
Event: 15.997 Thread 0x000001e7663afa40 Thread exited: 0x000001e7663afa40
Event: 28.901 Thread 0x000001e765a4da50 Thread added: 0x000001e765a4da50
Event: 28.901 Thread 0x000001e765a4df50 Thread added: 0x000001e765a4df50
Event: 29.962 Thread 0x000001e765a4df50 Thread exited: 0x000001e765a4df50
Event: 31.936 Thread 0x000001e766393e50 Thread added: 0x000001e766393e50
Event: 31.936 Thread 0x000001e766394350 Thread added: 0x000001e766394350


Dynamic libraries:
0x00007ff7b2940000 - 0x00007ff7b2950000 	C:\Program Files\Java\jdk-18.0.2\bin\java.exe
0x00007ffe25d20000 - 0x00007ffe25f29000 	C:\Windows\SYSTEM32\ntdll.dll
0x00007ffe24d60000 - 0x00007ffe24e1e000 	C:\Windows\System32\KERNEL32.DLL
0x00007ffe23260000 - 0x00007ffe235dc000 	C:\Windows\System32\KERNELBASE.dll
0x00007ffe23700000 - 0x00007ffe23811000 	C:\Windows\System32\ucrtbase.dll
0x00007ffe12fb0000 - 0x00007ffe12fc8000 	C:\Program Files\Java\jdk-18.0.2\bin\jli.dll
0x00007ffe142e0000 - 0x00007ffe142fa000 	C:\Program Files\Java\jdk-18.0.2\bin\VCRUNTIME140.dll
0x00007ffe25690000 - 0x00007ffe2573e000 	C:\Windows\System32\ADVAPI32.dll
0x00007ffe23d80000 - 0x00007ffe23e23000 	C:\Windows\System32\msvcrt.dll
0x00007ffe24e20000 - 0x00007ffe24ebe000 	C:\Windows\System32\sechost.dll
0x00007ffe244d0000 - 0x00007ffe245f0000 	C:\Windows\System32\RPCRT4.dll
0x00007ffe24320000 - 0x00007ffe244cd000 	C:\Windows\System32\USER32.dll
0x00007ffe23a00000 - 0x00007ffe23a26000 	C:\Windows\System32\win32u.dll
0x00007ffe103a0000 - 0x00007ffe10645000 	C:\Windows\WinSxS\amd64_microsoft.windows.common-controls_6595b64144ccf1df_6.0.22000.120_none_9d947278b86cc467\COMCTL32.dll
0x00007ffe25cb0000 - 0x00007ffe25cd9000 	C:\Windows\System32\GDI32.dll
0x00007ffe235e0000 - 0x00007ffe236f8000 	C:\Windows\System32\gdi32full.dll
0x00007ffe23960000 - 0x00007ffe239fd000 	C:\Windows\System32\msvcp_win.dll
0x00007ffe1af00000 - 0x00007ffe1af0a000 	C:\Windows\SYSTEM32\VERSION.dll
0x00007ffe23d40000 - 0x00007ffe23d72000 	C:\Windows\System32\IMM32.DLL
0x00007ffe18ff0000 - 0x00007ffe18ffc000 	C:\Program Files\Java\jdk-18.0.2\bin\vcruntime140_1.dll
0x00007ffde3580000 - 0x00007ffde360d000 	C:\Program Files\Java\jdk-18.0.2\bin\msvcp140.dll
0x00007ffdb7db0000 - 0x00007ffdb89c1000 	C:\Program Files\Java\jdk-18.0.2\bin\server\jvm.dll
0x00007ffe24d50000 - 0x00007ffe24d58000 	C:\Windows\System32\PSAPI.DLL
0x00007ffe1c980000 - 0x00007ffe1c9b3000 	C:\Windows\SYSTEM32\WINMM.dll
0x00007ffe18fc0000 - 0x00007ffe18fc9000 	C:\Windows\SYSTEM32\WSOCK32.dll
0x00007ffe24650000 - 0x00007ffe246bf000 	C:\Windows\System32\WS2_32.dll
0x00007ffe222e0000 - 0x00007ffe222f8000 	C:\Windows\SYSTEM32\kernel.appcore.dll
0x00007ffe18f20000 - 0x00007ffe18f2a000 	C:\Program Files\Java\jdk-18.0.2\bin\jimage.dll
0x00007ffe20b80000 - 0x00007ffe20da1000 	C:\Windows\SYSTEM32\DBGHELP.DLL
0x00007ffe15800000 - 0x00007ffe15831000 	C:\Windows\SYSTEM32\dbgcore.DLL
0x00007ffe23820000 - 0x00007ffe2389f000 	C:\Windows\System32\bcryptPrimitives.dll
0x00007ffdf5350000 - 0x00007ffdf5375000 	C:\Program Files\Java\jdk-18.0.2\bin\java.dll
0x00007ffdc1a30000 - 0x00007ffdc1b06000 	C:\Program Files\Java\jdk-18.0.2\bin\jsvml.dll
0x00007ffe24ec0000 - 0x00007ffe25685000 	C:\Windows\System32\SHELL32.dll
0x00007ffe212b0000 - 0x00007ffe21b15000 	C:\Windows\SYSTEM32\windows.storage.dll
0x00007ffe25860000 - 0x00007ffe25bd8000 	C:\Windows\System32\combase.dll
0x00007ffe21140000 - 0x00007ffe212a6000 	C:\Windows\SYSTEM32\wintypes.dll
0x00007ffe23ba0000 - 0x00007ffe23c8a000 	C:\Windows\System32\SHCORE.dll
0x00007ffe25be0000 - 0x00007ffe25c3d000 	C:\Windows\System32\shlwapi.dll
0x00007ffe23120000 - 0x00007ffe23141000 	C:\Windows\SYSTEM32\profapi.dll
0x00007ffe10750000 - 0x00007ffe10763000 	C:\Program Files\Java\jdk-18.0.2\bin\net.dll
0x00007ffe1e2c0000 - 0x00007ffe1e3d4000 	C:\Windows\SYSTEM32\WINHTTP.dll
0x00007ffe22800000 - 0x00007ffe22867000 	C:\Windows\system32\mswsock.dll
0x00007ffe106d0000 - 0x00007ffe106e6000 	C:\Program Files\Java\jdk-18.0.2\bin\nio.dll
0x00007ffe106b0000 - 0x00007ffe106c8000 	C:\Program Files\Java\jdk-18.0.2\bin\zip.dll
0x00007ffe10db0000 - 0x00007ffe10dc0000 	C:\Program Files\Java\jdk-18.0.2\bin\verify.dll
0x00007ffe0d680000 - 0x00007ffe0d6a7000 	C:\Users\keket\.gradle\native\e1d6ef7f7dcc3fd88c89a11ec53ec762bb8ba0a96d01ffa2cd45eb1d1d8dd5c5\windows-amd64\native-platform.dll
0x00007ffe1f7f0000 - 0x00007ffe1f7fa000 	C:\Users\keket\.gradle\native\jansi\1.18\windows64\jansi.dll
0x00007ffe18c00000 - 0x00007ffe18c09000 	C:\Program Files\Java\jdk-18.0.2\bin\management.dll
0x00007ffe14450000 - 0x00007ffe1445b000 	C:\Program Files\Java\jdk-18.0.2\bin\management_ext.dll
0x00007ffe22a40000 - 0x00007ffe22a58000 	C:\Windows\SYSTEM32\CRYPTSP.dll
0x00007ffe22220000 - 0x00007ffe22255000 	C:\Windows\system32\rsaenh.dll
0x00007ffe228f0000 - 0x00007ffe22919000 	C:\Windows\SYSTEM32\USERENV.dll
0x00007ffe22bd0000 - 0x00007ffe22bf7000 	C:\Windows\SYSTEM32\bcrypt.dll
0x00007ffe22a60000 - 0x00007ffe22a6c000 	C:\Windows\SYSTEM32\CRYPTBASE.dll
0x00007ffe21de0000 - 0x00007ffe21e0d000 	C:\Windows\SYSTEM32\IPHLPAPI.DLL
0x00007ffe24d20000 - 0x00007ffe24d29000 	C:\Windows\System32\NSI.dll
0x00007ffe1e120000 - 0x00007ffe1e139000 	C:\Windows\SYSTEM32\dhcpcsvc6.DLL
0x00007ffe1e560000 - 0x00007ffe1e57e000 	C:\Windows\SYSTEM32\dhcpcsvc.DLL
0x00007ffe21e10000 - 0x00007ffe21ef8000 	C:\Windows\SYSTEM32\DNSAPI.dll

dbghelp: loaded successfully - version: 4.0.5 - missing functions: none
symbol engine: initialized successfully - sym options: 0x614 - pdb path: .;C:\Program Files\Java\jdk-18.0.2\bin;C:\Windows\SYSTEM32;C:\Windows\WinSxS\amd64_microsoft.windows.common-controls_6595b64144ccf1df_6.0.22000.120_none_9d947278b86cc467;C:\Program Files\Java\jdk-18.0.2\bin\server;C:\Users\keket\.gradle\native\e1d6ef7f7dcc3fd88c89a11ec53ec762bb8ba0a96d01ffa2cd45eb1d1d8dd5c5\windows-amd64;C:\Users\keket\.gradle\native\jansi\1.18\windows64

VM Arguments:
jvm_args: -Xmx64m -Xms64m -Dorg.gradle.appname=gradlew 
java_command: org.gradle.wrapper.GradleWrapperMain app:installDebug -PreactNativeDevServerPort=8081
java_class_path (initial): D:\React\mlabassistant\android\\gradle\wrapper\gradle-wrapper.jar
Launcher Type: SUN_STANDARD

[Global flags]
     intx CICompilerCount                          = 12                                        {product} {ergonomic}
     uint ConcGCThreads                            = 3                                         {product} {ergonomic}
     uint G1ConcRefinementThreads                  = 13                                        {product} {ergonomic}
   size_t G1HeapRegionSize                         = 1048576                                   {product} {ergonomic}
    uintx GCDrainStackTargetSize                   = 64                                        {product} {ergonomic}
   size_t InitialHeapSize                          = 67108864                                  {product} {command line}
   size_t MarkStackSize                            = 4194304                                   {product} {ergonomic}
   size_t MaxHeapSize                              = 67108864                                  {product} {command line}
   size_t MaxNewSize                               = 39845888                                  {product} {ergonomic}
   size_t MinHeapDeltaBytes                        = 1048576                                   {product} {ergonomic}
   size_t MinHeapSize                              = 67108864                                  {product} {command line}
    uintx NonNMethodCodeHeapSize                   = 7602480                                {pd product} {ergonomic}
    uintx NonProfiledCodeHeapSize                  = 122027880                              {pd product} {ergonomic}
    uintx ProfiledCodeHeapSize                     = 122027880                              {pd product} {ergonomic}
    uintx ReservedCodeCacheSize                    = 251658240                              {pd product} {ergonomic}
     bool SegmentedCodeCache                       = true                                      {product} {ergonomic}
   size_t SoftMaxHeapSize                          = 67108864                               {manageable} {ergonomic}
     bool UseCompressedClassPointers               = true                           {product lp64_product} {ergonomic}
     bool UseCompressedOops                        = true                           {product lp64_product} {ergonomic}
     bool UseG1GC                                  = true                                      {product} {ergonomic}
     bool UseLargePagesIndividualAllocation        = false                                  {pd product} {ergonomic}

Logging:
Log output configuration:
 #0: stdout all=warning uptime,level,tags foldmultilines=false
 #1: stderr all=off uptime,level,tags foldmultilines=false

Environment Variables:
CLASSPATH=D:\React\mlabassistant\android\\gradle\wrapper\gradle-wrapper.jar
PATH=D:\React\mlabassistant\android\node_modules\.bin;D:\React\mlabassistant\node_modules\.bin;D:\React\node_modules\.bin;D:\node_modules\.bin;C:\Program Files\nodejs;C:\Users\keket\AppData\Local\Temp\yarn--1677068182196-0.6461149973284233;D:\React\mlabassistant\node_modules\.bin;C:\Users\keket\AppData\Local\Yarn\Data\link\node_modules\.bin;C:\Users\keket\AppData\Local\Yarn\bin;C:\Program Files\libexec\lib\node_modules\npm\bin\node-gyp-bin;C:\Program Files\lib\node_modules\npm\bin\node-gyp-bin;C:\Program Files\nodejs\node_modules\npm\bin\node-gyp-bin;C:\Users\keket\bin;C:\Program Files\Git\mingw64\bin;C:\Program Files\Git\usr\local\bin;C:\Program Files\Git\usr\bin;C:\Program Files\Git\usr\bin;C:\Program Files\Git\mingw64\bin;C:\Program Files\Git\usr\bin;C:\Users\keket\bin;C:\Python311\Scripts;C:\Python311;C:\Program Files\Common Files\Oracle\Java\javapath;C:\Program Files (x86)\Common Files\Intel\Shared Libraries\redist\intel64\compiler;C:\Windows\system32;C:\Windows;C:\Windows\System32\Wbem;C:\Windows\System32\WindowsPowerShell\v1.0;C:\Windows\System32\OpenSSH;C:\Program Files (x86)\NVIDIA Corporation\PhysX\Common;C:\Program Files\NVIDIA Corporation\NVIDIA NvDLISR;C:\HashiCorp\Vagrant\bin;C:\Program Files\dotnet;C:\ProgramData\chocolatey\bin;C:\Users\keket\AppData\Roaming\nvm;C:\Program Files\nodejs;C:\Program Files\Git\cmd;C:\Program Files\Docker\Docker\resources\bin;D:\Programs\GitHub;C:\Users\keket\AppData\Local\Microsoft\WindowsApps;C:\Users\keket\AppData\Local\Programs\Microsoft VS Code\bin;C:\Users\keket\AppData\Local\GitHubDesktop\bin;C:\Program Files\JetBrains\PyCharm Community Edition 2022.2.1\bin;C:\Users\keket\AppData\Roaming\npm;C:\Users\keket\AppData\Roaming\nvm;C:\Program Files\nodejs;D:\Programs\Heroku\bin;C:\Program Files\Git\usr\bin\vendor_perl;C:\Program Files\Git\usr\bin\core_perl
USERNAME=keket
SHELL=C:\Program Files\Git\usr\bin\bash.exe
DISPLAY=needs-to-be-defined
LANG=en_US.UTF-8
OS=Windows_NT
PROCESSOR_IDENTIFIER=AMD64 Family 23 Model 96 Stepping 1, AuthenticAMD



---------------  S Y S T E M  ---------------

OS:
 Windows 11 , 64 bit Build 22000 (10.0.22000.1516)
OS uptime: 2 days 21:52 hours
Hyper-V role detected

CPU: total 16 (initial active 16) (16 cores per cpu, 2 threads per core) family 23 model 96 stepping 1 microcode 0x0, cx8, cmov, fxsr, ht, mmx, 3dnowpref, sse, sse2, sse3, ssse3, sse4a, sse4.1, sse4.2, popcnt, lzcnt, tsc, tscinvbit, avx, avx2, aes, clmul, bmi1, bmi2, adx, sha, fma, vzeroupper, clflush, clflushopt, hv

Memory: 4k page, system-wide physical 15792M (1027M free)
TotalPageFile size 29387M (AvailPageFile size 4M)
current process WorkingSet (physical memory assigned to process): 91M, peak: 91M
current process commit charge ("private bytes"): 175M, peak: 175M

vm_info: Java HotSpot(TM) 64-Bit Server VM (18.0.2+9-61) for windows-amd64 JRE (18.0.2+9-61), built on Jun  7 2022 13:09:01 by "mach5one" with MS VC++ 16.8 / 16.9 (VS2019)

END.
